TN:
SF:src/App.jsx
FN:10,ProtectedRoute
FN:15,AppRoutes
FN:38,App
FNF:3
FNH:3
FNDA:7,ProtectedRoute
FNDA:9,AppRoutes
FNDA:9,App
DA:1,1
DA:10,7
DA:11,7
DA:12,7
DA:13,7
DA:15,9
DA:16,9
DA:17,9
DA:18,9
DA:19,9
DA:20,9
DA:21,9
DA:22,9
DA:23,9
DA:24,9
DA:25,9
DA:26,9
DA:27,9
DA:28,9
DA:29,9
DA:30,9
DA:31,9
DA:32,9
DA:33,9
DA:34,9
DA:36,9
DA:38,9
DA:39,9
DA:40,9
DA:41,9
DA:42,9
DA:44,9
LF:32
LH:32
BRDA:10,0,0,7
BRDA:12,1,0,5
BRDA:12,2,0,2
BRDA:15,3,0,9
BRDA:19,4,0,5
BRDA:21,5,0,5
BRDA:21,6,0,4
BRDA:22,7,0,5
BRDA:22,8,0,4
BRDA:38,9,0,9
BRF:10
BRH:10
end_of_record
TN:
SF:src/api.js
FN:3,apiFetch
FN:10,register
FN:17,login
FN:25,getComptes
FN:27,getCompte
FN:29,createCompte
FN:36,deleteCompte
FN:40,depot
FN:47,retrait
FN:54,virement
FN:61,getTransactions
FNF:11
FNH:4
FNDA:10,apiFetch
FNDA:3,register
FNDA:4,login
FNDA:0,getComptes
FNDA:0,getCompte
FNDA:0,createCompte
FNDA:3,deleteCompte
FNDA:0,depot
FNDA:0,retrait
FNDA:0,virement
FNDA:0,getTransactions
DA:1,1
DA:3,10
DA:4,10
DA:5,8
DA:6,8
DA:7,8
DA:9,1
DA:10,1
DA:11,3
DA:12,3
DA:13,3
DA:14,3
DA:15,1
DA:17,1
DA:18,4
DA:19,4
DA:20,4
DA:21,4
DA:22,1
DA:24,1
DA:25,1
DA:27,1
DA:29,1
DA:30,0
DA:31,0
DA:32,0
DA:33,0
DA:34,1
DA:36,1
DA:37,1
DA:39,1
DA:40,1
DA:41,0
DA:42,0
DA:43,0
DA:44,0
DA:45,1
DA:47,1
DA:48,0
DA:49,0
DA:50,0
DA:51,0
DA:52,1
DA:54,1
DA:55,0
DA:56,0
DA:57,0
DA:58,0
DA:59,1
DA:61,1
LF:50
LH:34
BRDA:3,0,0,10
BRDA:4,1,0,8
BRDA:10,2,0,3
BRDA:17,3,0,4
BRDA:36,4,0,3
BRF:5
BRH:5
end_of_record
TN:
SF:src/components/AccountCard.jsx
FN:3,AccountCard
FN:6,onKeyDown
FNF:2
FNH:2
FNDA:10,AccountCard
FNDA:2,onKeyDown
DA:1,1
DA:3,10
DA:4,10
DA:5,10
DA:6,10
DA:7,10
DA:8,10
DA:9,10
DA:10,10
DA:11,10
DA:12,10
DA:13,10
DA:14,10
DA:15,10
DA:17,10
LF:15
LH:15
BRDA:3,0,0,10
BRDA:6,1,0,2
BRDA:6,2,0,1
BRF:3
BRH:3
end_of_record
TN:
SF:src/components/ConfirmDelete.jsx
FN:5,ConfirmDelete
FN:9,handleDelete
FN:24,onClick
FNF:3
FNH:3
FNDA:17,ConfirmDelete
FNDA:3,handleDelete
FNDA:5,onClick
DA:1,1
DA:5,17
DA:6,17
DA:7,17
DA:9,17
DA:10,3
DA:11,3
DA:12,3
DA:13,3
DA:14,1
DA:15,3
DA:16,0
DA:17,3
DA:18,3
DA:19,3
DA:20,3
DA:22,17
DA:23,17
DA:24,17
DA:25,17
DA:26,17
DA:27,17
DA:28,17
DA:29,17
DA:30,17
DA:31,17
DA:32,17
DA:33,17
DA:35,17
DA:36,17
DA:37,17
DA:38,17
DA:39,17
DA:40,17
DA:41,17
DA:43,17
LF:36
LH:35
BRDA:5,0,0,17
BRDA:31,1,0,1
BRDA:37,2,0,3
BRDA:37,3,0,14
BRDA:9,4,0,3
BRDA:13,5,0,2
BRDA:13,6,0,1
BRDA:14,7,0,0
BRDA:15,8,0,0
BRDA:24,9,0,5
BRF:10
BRH:8
end_of_record
TN:
SF:src/components/DepositForm.jsx
FN:5,DepositForm
FN:10,handleSubmit
FN:41,onChange
FNF:3
FNH:3
FNDA:57,DepositForm
FNDA:10,handleSubmit
FNDA:28,onChange
DA:1,1
DA:5,57
DA:6,57
DA:7,57
DA:8,57
DA:10,57
DA:11,10
DA:12,10
DA:13,10
DA:14,7
DA:15,7
DA:16,7
DA:17,7
DA:18,10
DA:19,5
DA:20,5
DA:21,5
DA:22,10
DA:23,1
DA:24,1
DA:25,10
DA:26,1
DA:27,10
DA:28,7
DA:29,7
DA:30,10
DA:32,57
DA:33,57
DA:34,57
DA:35,57
DA:36,57
DA:37,57
DA:38,57
DA:39,57
DA:40,57
DA:41,57
DA:42,57
DA:43,57
DA:44,57
DA:45,57
DA:46,57
DA:47,57
DA:48,57
DA:49,57
DA:51,57
LF:45
LH:45
BRDA:5,0,0,57
BRDA:44,1,0,9
BRDA:44,2,0,5
BRDA:44,3,0,4
BRDA:46,4,0,7
BRDA:46,5,0,50
BRDA:10,6,0,10
BRDA:13,7,0,7
BRDA:13,8,0,3
BRDA:13,9,0,7
BRDA:17,10,0,6
BRDA:18,11,0,5
BRDA:22,12,0,1
BRDA:25,13,0,1
BRDA:27,14,0,7
BRDA:41,15,0,28
BRF:16
BRH:16
end_of_record
TN:
SF:src/components/Navbar.jsx
FN:5,Navbar
FN:10,handleSignOut
FNF:2
FNH:2
FNDA:11,Navbar
FNDA:1,handleSignOut
DA:1,1
DA:5,11
DA:6,11
DA:7,11
DA:8,11
DA:10,11
DA:11,1
DA:12,1
DA:13,1
DA:15,11
DA:17,11
DA:18,11
DA:19,11
DA:20,11
DA:21,11
DA:22,11
DA:23,11
DA:25,11
DA:26,11
DA:27,11
DA:28,11
DA:30,11
DA:31,11
DA:32,11
DA:33,11
DA:34,11
DA:35,11
DA:36,11
DA:37,11
DA:38,11
DA:40,11
DA:41,11
DA:42,11
DA:43,11
DA:45,11
LF:35
LH:35
BRDA:5,0,0,11
BRDA:15,1,0,0
BRDA:15,2,0,0
BRDA:15,3,0,0
BRDA:26,4,0,10
BRDA:26,5,0,1
BRDA:27,6,0,0
BRDA:31,7,0,0
BRDA:10,8,0,1
BRF:9
BRH:4
end_of_record
TN:
SF:src/components/TransactionList.jsx
FN:10,TransactionList
FNF:1
FNH:1
FNDA:28,TransactionList
DA:1,1
DA:3,1
DA:4,1
DA:5,1
DA:6,1
DA:7,1
DA:8,1
DA:10,28
DA:11,28
DA:12,3
DA:13,3
DA:15,25
DA:16,25
DA:17,25
DA:18,61
DA:19,61
DA:20,61
DA:21,61
DA:22,61
DA:23,61
DA:24,61
DA:25,61
DA:26,61
DA:27,61
DA:28,61
DA:29,61
DA:30,61
DA:31,61
DA:32,61
DA:33,61
DA:34,61
DA:35,61
DA:37,25
DA:38,25
DA:40,25
LF:35
LH:35
BRDA:10,0,0,28
BRDA:11,1,0,3
BRDA:13,2,0,25
BRDA:17,3,0,61
BRDA:18,4,0,0
BRDA:22,5,0,25
BRDA:22,6,0,36
BRDA:28,7,0,49
BRDA:32,8,0,25
BRDA:32,9,0,36
BRF:10
BRH:9
end_of_record
TN:
SF:src/components/WithdrawForm.jsx
FN:5,WithdrawForm
FN:10,handleSubmit
FN:41,onChange
FNF:3
FNH:3
FNDA:55,WithdrawForm
FNDA:10,handleSubmit
FNDA:26,onChange
DA:1,1
DA:5,55
DA:6,55
DA:7,55
DA:8,55
DA:10,55
DA:11,10
DA:12,10
DA:13,10
DA:14,7
DA:15,7
DA:16,7
DA:17,7
DA:18,10
DA:19,5
DA:20,5
DA:21,5
DA:22,10
DA:23,1
DA:24,1
DA:25,10
DA:26,1
DA:27,10
DA:28,7
DA:29,7
DA:30,10
DA:32,55
DA:33,55
DA:34,55
DA:35,55
DA:36,55
DA:37,55
DA:38,55
DA:39,55
DA:40,55
DA:41,55
DA:42,55
DA:43,55
DA:44,55
DA:45,55
DA:46,55
DA:47,55
DA:48,55
DA:49,55
DA:51,55
LF:45
LH:45
BRDA:5,0,0,55
BRDA:44,1,0,9
BRDA:44,2,0,5
BRDA:44,3,0,4
BRDA:46,4,0,7
BRDA:46,5,0,48
BRDA:10,6,0,10
BRDA:13,7,0,7
BRDA:13,8,0,3
BRDA:13,9,0,7
BRDA:17,10,0,6
BRDA:18,11,0,5
BRDA:22,12,0,1
BRDA:25,13,0,1
BRDA:27,14,0,7
BRDA:41,15,0,26
BRF:16
BRH:16
end_of_record
TN:
SF:src/context/AuthContext.jsx
FN:5,AuthProvider
FN:15,signIn
FN:20,signOut
FN:25,updateUser
FN:37,useAuth
FNF:5
FNH:5
FNDA:25,AuthProvider
FNDA:2,signIn
FNDA:2,signOut
FNDA:2,updateUser
FNDA:440,useAuth
DA:1,1
DA:3,1
DA:5,1
DA:6,25
DA:7,19
DA:8,19
DA:9,19
DA:10,19
DA:11,1
DA:12,1
DA:13,25
DA:15,25
DA:16,2
DA:17,2
DA:18,2
DA:20,25
DA:21,2
DA:22,2
DA:23,2
DA:25,25
DA:26,2
DA:27,2
DA:28,2
DA:30,25
DA:31,25
DA:32,25
DA:33,25
DA:35,25
DA:37,1
DA:38,440
DA:39,440
LF:31
LH:31
BRDA:5,0,0,25
BRDA:6,1,0,19
BRDA:9,2,0,10
BRDA:9,3,0,9
BRDA:10,4,0,1
BRDA:15,5,0,2
BRDA:20,6,0,2
BRDA:25,7,0,2
BRDA:37,8,0,440
BRF:9
BRH:9
end_of_record
TN:
SF:src/pages/AccountDetail.jsx
FN:9,OpForm
FN:15,handle
FN:40,onChange
FN:46,onChange
FN:56,AccountDetail
FN:67,refresh
FN:92,onClick
FN:111,onClick
FN:114,onClick
FN:126,onSubmit
FN:137,onSubmit
FN:150,onClick
FN:165,onConfirm
FN:168,onCancel
FNF:14
FNH:10
FNDA:36,OpForm
FNDA:1,handle
FNDA:4,onChange
FNDA:0,onChange
FNDA:34,AccountDetail
FNDA:16,refresh
FNDA:1,onClick
FNDA:1,onClick
FNDA:2,onClick
FNDA:1,onSubmit
FNDA:0,onSubmit
FNDA:1,onClick
FNDA:0,onConfirm
FNDA:0,onCancel
DA:1,1
DA:9,36
DA:10,36
DA:11,36
DA:12,36
DA:13,36
DA:15,36
DA:16,1
DA:17,1
DA:18,1
DA:19,1
DA:20,1
DA:21,1
DA:22,1
DA:23,1
DA:24,1
DA:25,0
DA:26,0
DA:27,1
DA:29,36
DA:30,36
DA:31,36
DA:32,36
DA:33,36
DA:34,36
DA:35,36
DA:36,36
DA:37,36
DA:38,36
DA:39,36
DA:40,36
DA:41,36
DA:42,36
DA:43,36
DA:44,36
DA:45,36
DA:46,36
DA:47,36
DA:48,36
DA:49,36
DA:50,36
DA:51,36
DA:52,36
DA:54,36
DA:56,34
DA:57,34
DA:58,34
DA:59,34
DA:60,34
DA:61,34
DA:62,34
DA:63,34
DA:64,34
DA:65,34
DA:67,34
DA:68,16
DA:69,16
DA:70,16
DA:71,14
DA:72,16
DA:73,16
DA:74,16
DA:75,1
DA:76,1
DA:77,16
DA:79,34
DA:81,34
DA:82,34
DA:84,17
DA:86,34
DA:87,34
DA:88,34
DA:91,34
DA:92,34
DA:93,34
DA:94,34
DA:95,34
DA:96,34
DA:97,34
DA:98,34
DA:99,34
DA:100,34
DA:101,34
DA:102,34
DA:103,34
DA:104,34
DA:105,34
DA:106,34
DA:107,34
DA:110,34
DA:111,34
DA:113,34
DA:114,34
DA:115,34
DA:116,34
DA:117,34
DA:119,34
DA:120,15
DA:121,15
DA:122,15
DA:123,15
DA:124,15
DA:125,15
DA:126,15
DA:127,1
DA:128,1
DA:129,1
DA:130,1
DA:131,15
DA:132,15
DA:133,15
DA:134,15
DA:135,15
DA:136,15
DA:137,15
DA:138,0
DA:139,0
DA:140,0
DA:141,0
DA:142,15
DA:144,15
DA:145,14
DA:146,14
DA:147,14
DA:148,14
DA:149,14
DA:150,14
DA:152,14
DA:153,14
DA:155,15
DA:157,2
DA:158,2
DA:159,2
DA:162,34
DA:163,1
DA:164,1
DA:165,1
DA:166,0
DA:167,0
DA:168,1
DA:169,1
DA:171,34
DA:172,34
DA:174,34
LF:144
LH:136
BRDA:9,0,0,36
BRDA:48,1,0,0
BRDA:49,2,0,1
BRDA:15,3,0,1
BRDA:18,4,0,0
BRDA:24,5,0,0
BRDA:40,6,0,4
BRDA:56,7,0,34
BRDA:81,8,0,15
BRDA:81,9,0,19
BRDA:82,10,0,2
BRDA:82,11,0,17
BRDA:95,12,0,17
BRDA:95,13,0,17
BRDA:99,14,0,17
BRDA:111,15,0,15
BRDA:111,16,0,2
BRDA:114,17,0,2
BRDA:114,18,0,15
BRDA:119,19,0,15
BRDA:144,20,0,14
BRDA:155,21,0,2
BRDA:162,22,0,1
BRDA:67,23,0,16
BRDA:69,24,0,15
BRDA:70,25,0,1
BRDA:70,26,0,14
BRDA:72,27,0,0
BRDA:73,28,0,14
BRDA:73,29,0,13
BRDA:74,30,0,1
BRDA:79,31,0,15
BRDA:79,32,0,15
BRDA:92,33,0,1
BRDA:111,34,0,1
BRDA:114,35,0,2
BRDA:126,36,0,1
BRDA:150,37,0,1
BRF:38
BRH:34
end_of_record
TN:
SF:src/pages/CreateAccount.jsx
FN:6,CreateAccount
FN:13,handleSubmit
FN:46,onChange
FN:55,onChange
FN:63,onClick
FNF:5
FNH:5
FNDA:88,CreateAccount
FNDA:8,handleSubmit
FNDA:36,onChange
FNDA:25,onChange
FNDA:1,onClick
DA:1,1
DA:6,88
DA:7,88
DA:8,88
DA:9,88
DA:10,88
DA:11,88
DA:13,88
DA:14,8
DA:15,8
DA:16,3
DA:17,3
DA:18,3
DA:19,5
DA:20,5
DA:21,5
DA:22,5
DA:23,8
DA:24,3
DA:25,8
DA:26,1
DA:27,1
DA:28,8
DA:29,1
DA:30,8
DA:31,5
DA:32,5
DA:33,8
DA:35,88
DA:36,88
DA:37,88
DA:38,88
DA:39,88
DA:41,88
DA:42,88
DA:43,88
DA:44,88
DA:45,88
DA:46,88
DA:47,88
DA:48,88
DA:49,88
DA:50,88
DA:51,88
DA:52,88
DA:53,88
DA:54,88
DA:55,88
DA:56,88
DA:57,88
DA:58,88
DA:60,88
DA:62,88
DA:63,88
DA:65,88
DA:66,88
DA:67,88
DA:68,88
DA:69,88
DA:70,88
DA:71,88
DA:72,88
DA:74,88
LF:63
LH:63
BRDA:6,0,0,88
BRDA:60,1,0,5
BRDA:67,2,0,5
BRDA:67,3,0,83
BRDA:13,4,0,8
BRDA:15,5,0,6
BRDA:15,6,0,3
BRDA:18,7,0,5
BRDA:22,8,0,4
BRDA:23,9,0,3
BRDA:25,10,0,1
BRDA:26,11,0,0
BRDA:28,12,0,1
BRDA:30,13,0,5
BRDA:46,14,0,36
BRDA:55,15,0,25
BRDA:63,16,0,1
BRF:17
BRH:16
end_of_record
TN:
SF:src/pages/Dashboard.jsx
FN:8,Dashboard
FN:15,refresh
FN:91,onClick
FN:94,onClick
FN:97,onClick
FN:100,onClick
FN:109,onClick
FNF:7
FNH:4
FNDA:24,Dashboard
FNDA:12,refresh
FNDA:0,onClick
FNDA:0,onClick
FNDA:1,onClick
FNDA:1,onClick
FNDA:0,onClick
DA:1,1
DA:8,24
DA:9,24
DA:10,24
DA:11,24
DA:12,24
DA:13,24
DA:15,24
DA:16,12
DA:17,12
DA:18,12
DA:19,12
DA:20,12
DA:21,11
DA:22,11
DA:23,12
DA:24,1
DA:25,1
DA:26,12
DA:28,24
DA:29,12
DA:30,24
DA:32,24
DA:33,24
DA:34,24
DA:35,24
DA:36,24
DA:38,24
DA:40,12
DA:41,12
DA:42,12
DA:45,12
DA:46,12
DA:47,12
DA:48,12
DA:49,12
DA:50,24
DA:51,24
DA:52,24
DA:53,24
DA:54,24
DA:55,24
DA:56,24
DA:57,24
DA:58,24
DA:59,24
DA:60,24
DA:61,24
DA:62,24
DA:63,24
DA:64,24
DA:67,24
DA:68,24
DA:69,24
DA:70,24
DA:71,24
DA:72,24
DA:73,24
DA:74,24
DA:75,24
DA:76,24
DA:77,24
DA:78,24
DA:79,24
DA:80,24
DA:81,24
DA:82,24
DA:83,24
DA:84,24
DA:85,24
DA:86,24
DA:87,24
DA:90,24
DA:91,24
DA:92,24
DA:93,24
DA:94,24
DA:95,24
DA:96,24
DA:97,24
DA:98,24
DA:99,24
DA:100,24
DA:101,24
DA:102,24
DA:103,24
DA:106,24
DA:107,24
DA:108,24
DA:109,24
DA:111,24
DA:112,24
DA:113,24
DA:114,24
DA:115,24
DA:117,24
DA:118,24
DA:120,24
LF:98
LH:98
BRDA:8,0,0,24
BRDA:32,1,0,0
BRDA:38,2,0,12
BRDA:50,3,0,0
BRDA:50,4,0,12
BRDA:73,5,0,1
BRDA:73,6,0,11
BRDA:80,7,0,12
BRDA:80,8,0,0
BRDA:113,9,0,1
BRDA:15,10,0,12
BRDA:20,11,0,11
BRDA:22,12,0,0
BRDA:23,13,0,1
BRDA:28,14,0,12
BRDA:29,15,0,12
BRDA:33,16,0,33
BRDA:33,17,0,22
BRDA:34,18,0,33
BRDA:34,19,0,22
BRDA:35,20,0,11
BRDA:35,21,0,0
BRDA:36,22,0,22
BRDA:36,23,0,0
BRDA:97,24,0,1
BRDA:100,25,0,1
BRF:26
BRH:20
end_of_record
TN:
SF:src/pages/LoginPage.jsx
FN:7,LoginPage
FN:15,handleSubmit
FN:53,onChange
FN:66,onChange
FNF:4
FNH:4
FNDA:108,LoginPage
FNDA:7,handleSubmit
FNDA:68,onChange
FNDA:16,onChange
DA:1,1
DA:7,108
DA:8,108
DA:9,108
DA:10,108
DA:11,108
DA:12,108
DA:13,108
DA:15,108
DA:16,7
DA:17,7
DA:18,3
DA:19,3
DA:20,3
DA:21,4
DA:22,4
DA:23,4
DA:24,4
DA:25,7
DA:26,1
DA:27,1
DA:28,7
DA:29,2
DA:30,2
DA:31,7
DA:32,1
DA:33,7
DA:34,4
DA:35,4
DA:36,7
DA:38,108
DA:39,108
DA:40,108
DA:41,108
DA:42,108
DA:43,108
DA:44,108
DA:45,108
DA:47,108
DA:48,108
DA:49,108
DA:50,108
DA:51,108
DA:52,108
DA:53,108
DA:54,108
DA:55,108
DA:56,108
DA:57,108
DA:58,108
DA:59,108
DA:60,108
DA:61,108
DA:62,108
DA:63,108
DA:64,108
DA:65,108
DA:66,108
DA:67,108
DA:68,108
DA:69,108
DA:70,108
DA:72,108
DA:74,108
DA:75,108
DA:76,108
DA:77,108
DA:79,108
DA:80,108
DA:81,108
DA:82,108
DA:83,108
DA:84,108
DA:86,108
LF:74
LH:74
BRDA:7,0,0,108
BRDA:72,1,0,5
BRDA:75,2,0,4
BRDA:75,3,0,104
BRDA:15,4,0,7
BRDA:17,5,0,5
BRDA:17,6,0,3
BRDA:20,7,0,4
BRDA:24,8,0,3
BRDA:25,9,0,1
BRDA:28,10,0,2
BRDA:29,11,0,1
BRDA:31,12,0,1
BRDA:33,13,0,4
BRDA:53,14,0,68
BRDA:66,15,0,16
BRF:16
BRH:16
end_of_record
TN:
SF:src/pages/RegisterPage.jsx
FN:7,RegisterPage
FN:14,set
FN:18,handleSubmit
FN:84,onChange
FN:96,onChange
FNF:5
FNH:5
FNDA:174,RegisterPage
FNDA:522,set
FNDA:7,handleSubmit
FNDA:18,onChange
FNDA:18,onChange
DA:1,1
DA:7,174
DA:8,174
DA:9,174
DA:10,174
DA:11,174
DA:12,174
DA:14,174
DA:15,522
DA:16,522
DA:18,174
DA:19,7
DA:20,7
DA:22,7
DA:23,2
DA:24,2
DA:25,2
DA:26,7
DA:27,1
DA:28,1
DA:29,1
DA:30,7
DA:31,1
DA:32,1
DA:33,1
DA:35,3
DA:36,3
DA:37,3
DA:38,3
DA:39,7
DA:40,1
DA:41,1
DA:42,1
DA:43,1
DA:44,1
DA:45,7
DA:46,1
DA:47,7
DA:48,3
DA:49,3
DA:50,7
DA:52,174
DA:53,174
DA:54,174
DA:55,174
DA:56,174
DA:57,174
DA:58,174
DA:59,174
DA:61,174
DA:62,174
DA:63,174
DA:64,174
DA:65,174
DA:66,174
DA:67,174
DA:68,174
DA:69,174
DA:70,174
DA:71,174
DA:72,174
DA:73,174
DA:74,174
DA:75,174
DA:76,174
DA:77,174
DA:78,174
DA:79,174
DA:80,174
DA:81,174
DA:82,174
DA:83,174
DA:84,174
DA:85,174
DA:86,174
DA:87,174
DA:88,174
DA:89,174
DA:90,174
DA:91,174
DA:92,174
DA:93,174
DA:94,174
DA:95,174
DA:96,174
DA:97,174
DA:98,174
DA:99,174
DA:100,174
DA:102,174
DA:104,174
DA:105,174
DA:106,174
DA:107,174
DA:109,174
DA:110,174
DA:111,174
DA:112,174
DA:113,174
DA:114,174
DA:116,174
LF:101
LH:101
BRDA:7,0,0,174
BRDA:102,1,0,6
BRDA:105,2,0,3
BRDA:105,3,0,171
BRDA:14,4,0,522
BRDA:15,5,0,115
BRDA:15,6,0,115
BRDA:18,7,0,7
BRDA:22,8,0,5
BRDA:22,9,0,5
BRDA:22,10,0,5
BRDA:22,11,0,2
BRDA:25,12,0,5
BRDA:26,13,0,1
BRDA:29,14,0,4
BRDA:30,15,0,1
BRDA:33,16,0,3
BRDA:38,17,0,2
BRDA:39,18,0,1
BRDA:43,19,0,0
BRDA:45,20,0,1
BRDA:47,21,0,3
BRDA:84,22,0,18
BRDA:84,23,0,18
BRDA:96,24,0,18
BRDA:96,25,0,18
BRF:26
BRH:25
end_of_record
TN:
SF:src/pages/TransferPage.jsx
FN:7,TransferPage
FN:27,handleSubmit
FN:58,onClick
FN:92,onChange
FN:111,onChange
FN:121,onChange
FNF:6
FNH:5
FNDA:57,TransferPage
FNDA:5,handleSubmit
FNDA:1,onClick
FNDA:4,onChange
FNDA:16,onChange
FNDA:0,onChange
DA:1,1
DA:7,57
DA:8,57
DA:9,57
DA:10,57
DA:11,57
DA:12,57
DA:13,57
DA:14,57
DA:15,57
DA:16,57
DA:17,57
DA:19,57
DA:20,14
DA:21,14
DA:22,14
DA:23,14
DA:24,14
DA:25,57
DA:27,57
DA:28,5
DA:29,5
DA:30,5
DA:31,5
DA:33,4
DA:34,4
DA:35,4
DA:36,4
DA:37,5
DA:38,5
DA:39,2
DA:40,2
DA:41,2
DA:42,5
DA:43,1
DA:44,1
DA:45,5
DA:46,1
DA:47,5
DA:48,4
DA:49,4
DA:50,5
DA:52,57
DA:54,57
DA:55,57
DA:56,57
DA:57,57
DA:58,57
DA:60,57
DA:61,57
DA:62,57
DA:64,57
DA:66,57
DA:67,57
DA:69,57
DA:71,57
DA:72,57
DA:73,57
DA:74,57
DA:75,57
DA:76,57
DA:77,57
DA:78,57
DA:79,57
DA:80,57
DA:81,57
DA:82,57
DA:85,57
DA:86,57
DA:87,57
DA:88,14
DA:89,43
DA:90,1
DA:92,42
DA:93,42
DA:94,42
DA:95,84
DA:96,84
DA:97,84
DA:98,42
DA:99,42
DA:101,57
DA:104,57
DA:105,57
DA:106,57
DA:107,57
DA:108,57
DA:109,57
DA:110,57
DA:111,57
DA:112,57
DA:113,57
DA:114,57
DA:117,57
DA:118,57
DA:119,57
DA:120,57
DA:121,57
DA:122,57
DA:123,57
DA:124,57
DA:126,57
DA:127,57
DA:129,57
DA:130,57
DA:131,57
DA:132,57
DA:133,57
DA:135,57
DA:136,57
DA:137,57
DA:138,57
DA:141,57
DA:142,57
DA:143,57
DA:144,57
DA:145,57
DA:146,57
DA:147,57
DA:148,57
DA:149,57
DA:150,57
DA:151,57
DA:152,57
DA:153,57
DA:154,57
DA:155,57
DA:156,57
DA:157,57
DA:158,57
DA:159,57
DA:160,57
DA:161,57
DA:162,57
DA:163,57
DA:164,57
DA:165,23
DA:166,34
DA:167,57
DA:168,57
DA:169,57
DA:170,57
DA:172,57
DA:173,57
DA:174,57
DA:176,57
DA:177,57
DA:178,57
DA:179,57
DA:180,57
DA:181,57
DA:183,57
LF:152
LH:152
BRDA:7,0,0,57
BRDA:87,1,0,14
BRDA:88,2,0,43
BRDA:89,3,0,1
BRDA:90,4,0,42
BRDA:126,5,0,3
BRDA:127,6,0,2
BRDA:133,7,0,53
BRDA:133,8,0,21
BRDA:135,9,0,4
BRDA:135,10,0,53
BRDA:152,11,0,25
BRDA:152,12,0,32
BRDA:158,13,0,23
BRDA:158,14,0,34
BRDA:164,15,0,23
BRDA:164,16,0,23
BRDA:165,17,0,34
BRDA:19,18,0,14
BRDA:21,19,0,14
BRDA:22,20,0,40
BRDA:24,21,0,14
BRDA:27,22,0,5
BRDA:30,23,0,1
BRDA:30,24,0,4
BRDA:31,25,0,0
BRDA:31,26,0,4
BRDA:37,27,0,3
BRDA:38,28,0,2
BRDA:42,29,0,1
BRDA:45,30,0,1
BRDA:47,31,0,4
BRDA:52,32,0,59
BRDA:58,33,0,1
BRDA:92,34,0,4
BRDA:94,35,0,84
BRDA:96,36,0,0
BRDA:111,37,0,16
BRF:38
BRH:36
end_of_record
