TN:
SF:src/App.jsx
FN:12,ProtectedRoute
FN:17,AppRoutes
FN:40,App
FNF:3
FNH:3
FNDA:7,ProtectedRoute
FNDA:9,AppRoutes
FNDA:9,App
DA:1,1
DA:12,7
DA:13,7
DA:14,7
DA:15,7
DA:17,9
DA:18,9
DA:19,9
DA:20,9
DA:21,9
DA:22,9
DA:23,9
DA:24,9
DA:25,9
DA:26,9
DA:27,9
DA:28,9
DA:29,9
DA:30,9
DA:31,9
DA:32,9
DA:33,9
DA:34,9
DA:35,9
DA:36,9
DA:38,9
DA:40,9
DA:41,9
DA:42,9
DA:43,9
DA:44,9
DA:45,9
DA:46,9
DA:48,9
LF:34
LH:34
BRDA:12,0,0,7
BRDA:14,1,0,5
BRDA:14,2,0,2
BRDA:17,3,0,9
BRDA:21,4,0,5
BRDA:23,5,0,5
BRDA:23,6,0,4
BRDA:24,7,0,5
BRDA:24,8,0,4
BRDA:40,9,0,9
BRF:10
BRH:10
end_of_record
TN:
SF:src/api.js
FN:3,apiFetch
FN:10,register
FN:17,login
FN:25,getComptes
FN:27,getCompte
FN:29,createCompte
FN:36,deleteCompte
FN:40,depot
FN:47,retrait
FN:54,virement
FN:61,getTransactions
FNF:11
FNH:4
FNDA:10,apiFetch
FNDA:3,register
FNDA:4,login
FNDA:0,getComptes
FNDA:0,getCompte
FNDA:0,createCompte
FNDA:3,deleteCompte
FNDA:0,depot
FNDA:0,retrait
FNDA:0,virement
FNDA:0,getTransactions
DA:1,1
DA:3,10
DA:4,10
DA:5,8
DA:6,8
DA:7,8
DA:9,1
DA:10,1
DA:11,3
DA:12,3
DA:13,3
DA:14,3
DA:15,1
DA:17,1
DA:18,4
DA:19,4
DA:20,4
DA:21,4
DA:22,1
DA:24,1
DA:25,1
DA:27,1
DA:29,1
DA:30,0
DA:31,0
DA:32,0
DA:33,0
DA:34,1
DA:36,1
DA:37,1
DA:39,1
DA:40,1
DA:41,0
DA:42,0
DA:43,0
DA:44,0
DA:45,1
DA:47,1
DA:48,0
DA:49,0
DA:50,0
DA:51,0
DA:52,1
DA:54,1
DA:55,0
DA:56,0
DA:57,0
DA:58,0
DA:59,1
DA:61,1
LF:50
LH:34
BRDA:3,0,0,10
BRDA:4,1,0,8
BRDA:10,2,0,3
BRDA:17,3,0,4
BRDA:36,4,0,3
BRF:5
BRH:5
end_of_record
TN:
SF:src/components/AccountCard.jsx
FN:4,AccountCard
FN:7,onKeyDown
FNF:2
FNH:2
FNDA:10,AccountCard
FNDA:2,onKeyDown
DA:1,1
DA:2,1
DA:4,10
DA:5,10
DA:6,10
DA:7,10
DA:8,10
DA:9,10
DA:10,10
DA:11,10
DA:12,10
DA:13,10
DA:14,10
DA:15,10
DA:16,10
DA:18,10
DA:20,1
LF:17
LH:17
BRDA:4,0,0,10
BRDA:7,1,0,2
BRDA:7,2,0,1
BRF:3
BRH:3
end_of_record
TN:
SF:src/components/ConfirmDelete.jsx
FN:5,ConfirmDelete
FN:9,handleDelete
FN:24,onClick
FNF:3
FNH:3
FNDA:17,ConfirmDelete
FNDA:3,handleDelete
FNDA:5,onClick
DA:1,1
DA:5,17
DA:6,17
DA:7,17
DA:9,17
DA:10,3
DA:11,3
DA:12,3
DA:13,3
DA:14,1
DA:15,3
DA:16,0
DA:17,3
DA:18,3
DA:19,3
DA:20,3
DA:22,17
DA:23,17
DA:24,17
DA:25,17
DA:26,17
DA:27,17
DA:28,17
DA:29,17
DA:30,17
DA:31,17
DA:32,17
DA:33,17
DA:35,17
DA:36,17
DA:37,17
DA:38,17
DA:39,17
DA:40,17
DA:41,17
DA:43,17
LF:36
LH:35
BRDA:5,0,0,17
BRDA:31,1,0,1
BRDA:37,2,0,3
BRDA:37,3,0,14
BRDA:9,4,0,3
BRDA:13,5,0,2
BRDA:13,6,0,1
BRDA:14,7,0,0
BRDA:15,8,0,0
BRDA:24,9,0,5
BRF:10
BRH:8
end_of_record
TN:
SF:src/components/DepositForm.jsx
FN:5,DepositForm
FN:10,handleSubmit
FN:41,onChange
FNF:3
FNH:3
FNDA:57,DepositForm
FNDA:10,handleSubmit
FNDA:28,onChange
DA:1,1
DA:5,57
DA:6,57
DA:7,57
DA:8,57
DA:10,57
DA:11,10
DA:12,10
DA:13,10
DA:14,7
DA:15,7
DA:16,7
DA:17,7
DA:18,10
DA:19,5
DA:20,5
DA:21,5
DA:22,10
DA:23,1
DA:24,1
DA:25,10
DA:26,1
DA:27,10
DA:28,7
DA:29,7
DA:30,10
DA:32,57
DA:33,57
DA:34,57
DA:35,57
DA:36,57
DA:37,57
DA:38,57
DA:39,57
DA:40,57
DA:41,57
DA:42,57
DA:43,57
DA:44,57
DA:45,57
DA:46,57
DA:47,57
DA:48,57
DA:49,57
DA:51,57
LF:45
LH:45
BRDA:5,0,0,57
BRDA:44,1,0,9
BRDA:44,2,0,5
BRDA:44,3,0,4
BRDA:46,4,0,7
BRDA:46,5,0,50
BRDA:10,6,0,10
BRDA:13,7,0,7
BRDA:13,8,0,3
BRDA:13,9,0,7
BRDA:17,10,0,6
BRDA:18,11,0,5
BRDA:22,12,0,1
BRDA:25,13,0,1
BRDA:27,14,0,7
BRDA:41,15,0,28
BRF:16
BRH:16
end_of_record
TN:
SF:src/components/ErrorBoundary.jsx
FN:8,<instance_members_initializer>
FN:9,ErrorBoundary
FN:14,getDerivedStateFromError
FN:18,componentDidCatch
FN:23,handleRetry
FN:27,render
FNF:6
FNH:3
FNDA:9,<instance_members_initializer>
FNDA:9,ErrorBoundary
FNDA:0,getDerivedStateFromError
FNDA:0,componentDidCatch
FNDA:0,handleRetry
FNDA:9,render
DA:1,1
DA:8,9
DA:9,9
DA:10,9
DA:11,9
DA:12,9
DA:14,9
DA:15,0
DA:16,0
DA:18,9
DA:19,0
DA:20,0
DA:21,0
DA:23,9
DA:24,0
DA:25,0
DA:27,9
DA:28,9
DA:29,0
DA:30,0
DA:31,0
DA:33,0
DA:34,0
DA:35,0
DA:36,0
DA:37,0
DA:38,0
DA:39,0
DA:40,0
DA:41,0
DA:42,0
DA:44,0
DA:45,0
DA:46,0
DA:48,0
DA:50,9
DA:51,9
DA:52,9
LF:38
LH:14
BRDA:8,0,0,9
BRDA:9,1,0,9
BRDA:27,2,0,9
BRDA:28,3,0,0
BRF:4
BRH:3
end_of_record
TN:
SF:src/components/Navbar.jsx
FN:6,Navbar
FN:11,handleSignOut
FNF:2
FNH:2
FNDA:11,Navbar
FNDA:1,handleSignOut
DA:1,1
DA:2,1
DA:3,1
DA:4,1
DA:6,11
DA:7,11
DA:8,11
DA:9,11
DA:11,11
DA:12,1
DA:13,1
DA:14,1
DA:16,11
DA:18,11
DA:19,11
DA:20,11
DA:21,11
DA:22,11
DA:23,11
DA:24,11
DA:26,11
DA:27,11
DA:28,11
DA:29,11
DA:31,11
DA:32,11
DA:33,11
DA:34,11
DA:35,11
DA:36,11
DA:37,11
DA:38,11
DA:39,11
DA:41,11
DA:42,11
DA:43,11
DA:44,11
DA:46,11
DA:48,1
LF:39
LH:39
BRDA:6,0,0,11
BRDA:16,1,0,0
BRDA:16,2,0,0
BRDA:16,3,0,0
BRDA:27,4,0,10
BRDA:27,5,0,1
BRDA:28,6,0,0
BRDA:32,7,0,0
BRDA:11,8,0,1
BRF:9
BRH:4
end_of_record
TN:
SF:src/components/Skeleton.jsx
FN:11,Skeleton
FN:12,px
FN:23,SkeletonListItem
FN:36,SkeletonBalanceCard
FN:58,SkeletonStatCards
FN:73,SkeletonCard
FNF:6
FNH:6
FNDA:626,Skeleton
FNDA:1878,px
FNDA:36,SkeletonListItem
FNDA:12,SkeletonBalanceCard
FNDA:12,SkeletonStatCards
FNDA:57,SkeletonCard
DA:1,1
DA:11,1
DA:12,626
DA:13,626
DA:14,626
DA:15,626
DA:16,626
DA:17,626
DA:18,626
DA:20,626
DA:23,1
DA:24,36
DA:25,36
DA:26,36
DA:27,36
DA:28,36
DA:29,36
DA:30,36
DA:31,36
DA:33,36
DA:36,1
DA:37,12
DA:38,12
DA:39,12
DA:40,12
DA:41,12
DA:42,12
DA:43,12
DA:44,12
DA:45,12
DA:46,12
DA:47,12
DA:48,12
DA:49,12
DA:50,12
DA:51,12
DA:52,12
DA:53,12
DA:55,12
DA:58,1
DA:59,12
DA:60,12
DA:61,12
DA:62,36
DA:63,36
DA:64,36
DA:65,36
DA:66,36
DA:67,12
DA:68,12
DA:70,12
DA:73,1
DA:74,57
DA:75,57
LF:54
LH:54
BRDA:11,0,0,626
BRDA:12,1,0,1878
BRDA:12,2,0,1396
BRDA:12,3,0,482
BRDA:23,4,0,36
BRDA:36,5,0,12
BRDA:58,6,0,12
BRDA:61,7,0,36
BRDA:73,8,0,57
BRF:9
BRH:9
end_of_record
TN:
SF:src/components/TransactionList.jsx
FN:12,TransactionList
FNF:1
FNH:1
FNDA:28,TransactionList
DA:1,1
DA:3,1
DA:4,1
DA:5,1
DA:6,1
DA:7,1
DA:8,1
DA:10,1
DA:12,28
DA:13,28
DA:14,3
DA:15,3
DA:17,25
DA:18,25
DA:19,25
DA:20,61
DA:21,61
DA:22,61
DA:23,61
DA:24,61
DA:25,61
DA:26,61
DA:27,61
DA:28,61
DA:29,61
DA:30,61
DA:31,61
DA:32,61
DA:33,61
DA:34,61
DA:35,61
DA:36,61
DA:37,61
DA:39,25
DA:40,25
DA:42,25
DA:44,1
LF:37
LH:37
BRDA:12,0,0,28
BRDA:13,1,0,3
BRDA:15,2,0,25
BRDA:19,3,0,61
BRDA:20,4,0,0
BRDA:24,5,0,25
BRDA:24,6,0,36
BRDA:30,7,0,49
BRDA:34,8,0,25
BRDA:34,9,0,36
BRF:10
BRH:9
end_of_record
TN:
SF:src/components/WithdrawForm.jsx
FN:5,WithdrawForm
FN:10,handleSubmit
FN:41,onChange
FNF:3
FNH:3
FNDA:55,WithdrawForm
FNDA:10,handleSubmit
FNDA:26,onChange
DA:1,1
DA:5,55
DA:6,55
DA:7,55
DA:8,55
DA:10,55
DA:11,10
DA:12,10
DA:13,10
DA:14,7
DA:15,7
DA:16,7
DA:17,7
DA:18,10
DA:19,5
DA:20,5
DA:21,5
DA:22,10
DA:23,1
DA:24,1
DA:25,10
DA:26,1
DA:27,10
DA:28,7
DA:29,7
DA:30,10
DA:32,55
DA:33,55
DA:34,55
DA:35,55
DA:36,55
DA:37,55
DA:38,55
DA:39,55
DA:40,55
DA:41,55
DA:42,55
DA:43,55
DA:44,55
DA:45,55
DA:46,55
DA:47,55
DA:48,55
DA:49,55
DA:51,55
LF:45
LH:45
BRDA:5,0,0,55
BRDA:44,1,0,9
BRDA:44,2,0,5
BRDA:44,3,0,4
BRDA:46,4,0,7
BRDA:46,5,0,48
BRDA:10,6,0,10
BRDA:13,7,0,7
BRDA:13,8,0,3
BRDA:13,9,0,7
BRDA:17,10,0,6
BRDA:18,11,0,5
BRDA:22,12,0,1
BRDA:25,13,0,1
BRDA:27,14,0,7
BRDA:41,15,0,26
BRF:16
BRH:16
end_of_record
TN:
SF:src/context/AuthContext.jsx
FN:5,AuthProvider
FN:15,signIn
FN:20,signOut
FN:25,updateUser
FN:37,useAuth
FNF:5
FNH:5
FNDA:25,AuthProvider
FNDA:2,signIn
FNDA:2,signOut
FNDA:2,updateUser
FNDA:432,useAuth
DA:1,1
DA:3,1
DA:5,1
DA:6,25
DA:7,19
DA:8,19
DA:9,19
DA:10,19
DA:11,1
DA:12,1
DA:13,25
DA:15,25
DA:16,2
DA:17,2
DA:18,2
DA:20,25
DA:21,2
DA:22,2
DA:23,2
DA:25,25
DA:26,2
DA:27,2
DA:28,2
DA:30,25
DA:31,25
DA:32,25
DA:33,25
DA:35,25
DA:37,1
DA:38,432
DA:39,432
LF:31
LH:31
BRDA:5,0,0,25
BRDA:6,1,0,19
BRDA:9,2,0,10
BRDA:9,3,0,9
BRDA:10,4,0,1
BRDA:15,5,0,2
BRDA:20,6,0,2
BRDA:25,7,0,2
BRDA:37,8,0,432
BRF:9
BRH:9
end_of_record
TN:
SF:src/context/ToastContext.jsx
FN:9,ToastProvider
FN:56,useToast
FN:59,showToast
FNF:3
FNH:3
FNDA:9,ToastProvider
FNDA:509,useToast
FNDA:25,showToast
DA:1,1
DA:5,1
DA:7,1
DA:9,1
DA:10,9
DA:11,9
DA:13,9
DA:14,0
DA:15,0
DA:16,0
DA:17,9
DA:19,9
DA:20,0
DA:21,0
DA:22,0
DA:23,0
DA:24,9
DA:27,9
DA:28,9
DA:29,9
DA:31,9
DA:32,9
DA:33,9
DA:34,9
DA:35,9
DA:36,9
DA:37,0
DA:38,0
DA:39,0
DA:40,0
DA:41,0
DA:43,0
DA:44,0
DA:45,0
DA:46,0
DA:47,0
DA:48,9
DA:49,9
DA:50,9
DA:51,9
DA:52,9
DA:54,9
DA:56,1
DA:57,509
DA:59,509
DA:60,0
DA:61,0
LF:47
LH:28
BRDA:9,0,0,9
BRDA:27,1,0,9
BRDA:28,2,0,9
BRDA:56,3,0,509
BRDA:59,4,0,0
BRDA:59,5,0,25
BRF:6
BRH:5
end_of_record
TN:
SF:src/pages/AccountDetail.jsx
FN:11,OpForm
FN:16,handle
FN:40,onChange
FN:46,onChange
FN:54,AccountDetail
FN:66,refresh
FN:138,onClick
FN:157,onClick
FN:160,onClick
FN:172,onSubmit
FN:183,onSubmit
FN:196,onClick
FN:211,onConfirm
FN:214,onCancel
FNF:14
FNH:10
FNDA:35,OpForm
FNDA:1,handle
FNDA:4,onChange
FNDA:0,onChange
FNDA:34,AccountDetail
FNDA:16,refresh
FNDA:1,onClick
FNDA:1,onClick
FNDA:2,onClick
FNDA:1,onSubmit
FNDA:0,onSubmit
FNDA:1,onClick
FNDA:0,onConfirm
FNDA:0,onCancel
DA:1,1
DA:11,35
DA:12,35
DA:13,35
DA:14,35
DA:16,35
DA:17,1
DA:18,1
DA:19,1
DA:20,1
DA:21,1
DA:22,1
DA:23,1
DA:24,1
DA:25,0
DA:26,0
DA:27,1
DA:29,35
DA:30,35
DA:31,35
DA:32,35
DA:33,35
DA:34,35
DA:35,35
DA:36,35
DA:37,35
DA:38,35
DA:39,35
DA:40,35
DA:41,35
DA:42,35
DA:43,35
DA:44,35
DA:45,35
DA:46,35
DA:47,35
DA:48,35
DA:49,35
DA:50,35
DA:52,35
DA:54,34
DA:55,34
DA:56,34
DA:57,34
DA:58,34
DA:59,34
DA:60,34
DA:61,34
DA:62,34
DA:63,34
DA:64,34
DA:66,34
DA:67,16
DA:68,16
DA:69,16
DA:70,14
DA:71,16
DA:72,16
DA:73,16
DA:74,1
DA:75,1
DA:76,1
DA:77,16
DA:79,34
DA:81,34
DA:82,15
DA:83,15
DA:84,15
DA:86,15
DA:87,15
DA:88,15
DA:89,15
DA:90,15
DA:91,15
DA:92,15
DA:93,15
DA:94,15
DA:95,15
DA:96,15
DA:97,15
DA:98,15
DA:99,15
DA:102,15
DA:103,15
DA:104,15
DA:105,15
DA:108,15
DA:109,15
DA:110,15
DA:111,15
DA:112,15
DA:113,15
DA:114,15
DA:115,15
DA:116,15
DA:117,15
DA:118,15
DA:119,15
DA:120,15
DA:121,15
DA:122,15
DA:123,15
DA:124,15
DA:125,15
DA:127,15
DA:128,34
DA:130,17
DA:132,34
DA:133,34
DA:134,34
DA:137,34
DA:138,34
DA:139,34
DA:140,34
DA:141,34
DA:142,34
DA:143,34
DA:144,34
DA:145,34
DA:146,34
DA:147,34
DA:148,34
DA:149,34
DA:150,34
DA:151,34
DA:152,34
DA:153,34
DA:156,34
DA:157,34
DA:159,34
DA:160,34
DA:161,34
DA:162,34
DA:163,34
DA:165,34
DA:166,15
DA:167,15
DA:168,15
DA:169,15
DA:170,15
DA:171,15
DA:172,15
DA:173,1
DA:174,1
DA:175,1
DA:176,1
DA:177,15
DA:178,15
DA:179,15
DA:180,15
DA:181,15
DA:182,15
DA:183,15
DA:184,0
DA:185,0
DA:186,0
DA:187,0
DA:188,15
DA:190,15
DA:191,14
DA:192,14
DA:193,14
DA:194,14
DA:195,14
DA:196,14
DA:198,14
DA:199,14
DA:201,15
DA:203,2
DA:204,2
DA:205,2
DA:208,34
DA:209,1
DA:210,1
DA:211,1
DA:212,0
DA:213,0
DA:214,1
DA:215,1
DA:217,34
DA:218,34
DA:220,34
LF:182
LH:174
BRDA:11,0,0,35
BRDA:16,1,0,1
BRDA:19,2,0,0
BRDA:24,3,0,0
BRDA:40,4,0,4
BRDA:54,5,0,34
BRDA:81,6,0,15
BRDA:127,7,0,19
BRDA:128,8,0,2
BRDA:128,9,0,17
BRDA:141,10,0,17
BRDA:141,11,0,17
BRDA:145,12,0,17
BRDA:157,13,0,15
BRDA:157,14,0,2
BRDA:160,15,0,2
BRDA:160,16,0,15
BRDA:165,17,0,15
BRDA:190,18,0,14
BRDA:201,19,0,2
BRDA:208,20,0,1
BRDA:66,21,0,16
BRDA:68,22,0,15
BRDA:69,23,0,1
BRDA:69,24,0,14
BRDA:71,25,0,0
BRDA:72,26,0,14
BRDA:72,27,0,13
BRDA:73,28,0,1
BRDA:79,29,0,15
BRDA:79,30,0,15
BRDA:138,31,0,1
BRDA:157,32,0,1
BRDA:160,33,0,2
BRDA:172,34,0,1
BRDA:196,35,0,1
BRF:36
BRH:33
end_of_record
TN:
SF:src/pages/CreateAccount.jsx
FN:7,CreateAccount
FN:14,handleSubmit
FN:46,onChange
FN:55,onChange
FN:61,onClick
FNF:5
FNH:5
FNDA:85,CreateAccount
FNDA:8,handleSubmit
FNDA:36,onChange
FNDA:25,onChange
FNDA:1,onClick
DA:1,1
DA:7,85
DA:8,85
DA:9,85
DA:10,85
DA:11,85
DA:12,85
DA:14,85
DA:15,8
DA:16,8
DA:17,3
DA:18,3
DA:19,3
DA:20,5
DA:21,5
DA:22,5
DA:23,8
DA:24,3
DA:25,8
DA:26,1
DA:27,1
DA:28,8
DA:29,1
DA:30,8
DA:31,5
DA:32,5
DA:33,8
DA:35,85
DA:36,85
DA:37,85
DA:38,85
DA:39,85
DA:41,85
DA:42,85
DA:43,85
DA:44,85
DA:45,85
DA:46,85
DA:47,85
DA:48,85
DA:49,85
DA:50,85
DA:51,85
DA:52,85
DA:53,85
DA:54,85
DA:55,85
DA:56,85
DA:57,85
DA:58,85
DA:60,85
DA:61,85
DA:63,85
DA:64,85
DA:65,85
DA:66,85
DA:67,85
DA:68,85
DA:69,85
DA:70,85
DA:72,85
LF:61
LH:61
BRDA:7,0,0,85
BRDA:65,1,0,5
BRDA:65,2,0,80
BRDA:14,3,0,8
BRDA:16,4,0,6
BRDA:16,5,0,3
BRDA:19,6,0,5
BRDA:22,7,0,4
BRDA:23,8,0,3
BRDA:25,9,0,1
BRDA:26,10,0,0
BRDA:28,11,0,1
BRDA:30,12,0,5
BRDA:46,13,0,36
BRDA:55,14,0,25
BRDA:61,15,0,1
BRF:16
BRH:15
end_of_record
TN:
SF:src/pages/Dashboard.jsx
FN:10,Dashboard
FN:17,refresh
FN:108,onClick
FN:111,onClick
FN:114,onClick
FN:117,onClick
FN:126,onClick
FNF:7
FNH:4
FNDA:24,Dashboard
FNDA:12,refresh
FNDA:0,onClick
FNDA:0,onClick
FNDA:1,onClick
FNDA:1,onClick
FNDA:0,onClick
DA:1,1
DA:10,24
DA:11,24
DA:12,24
DA:13,24
DA:14,24
DA:15,24
DA:17,24
DA:18,12
DA:19,12
DA:20,12
DA:21,12
DA:22,12
DA:23,11
DA:24,11
DA:25,12
DA:26,1
DA:27,1
DA:28,12
DA:30,24
DA:31,12
DA:32,24
DA:34,24
DA:35,24
DA:36,24
DA:37,24
DA:38,24
DA:40,24
DA:41,12
DA:42,12
DA:43,12
DA:44,12
DA:45,12
DA:46,12
DA:47,12
DA:48,12
DA:49,36
DA:50,12
DA:51,12
DA:52,12
DA:53,12
DA:55,12
DA:57,12
DA:58,12
DA:59,12
DA:62,12
DA:63,12
DA:64,12
DA:65,12
DA:66,12
DA:67,12
DA:68,12
DA:69,12
DA:70,12
DA:71,12
DA:72,12
DA:73,12
DA:74,12
DA:75,12
DA:76,12
DA:77,12
DA:78,12
DA:79,12
DA:80,12
DA:81,12
DA:84,12
DA:85,12
DA:86,12
DA:87,12
DA:88,12
DA:89,12
DA:90,24
DA:91,24
DA:92,24
DA:93,24
DA:94,24
DA:95,24
DA:96,24
DA:97,24
DA:98,24
DA:99,24
DA:100,24
DA:101,24
DA:102,24
DA:103,24
DA:104,24
DA:107,24
DA:108,24
DA:109,24
DA:110,24
DA:111,24
DA:112,24
DA:113,24
DA:114,24
DA:115,24
DA:116,24
DA:117,24
DA:118,24
DA:119,24
DA:120,24
DA:123,24
DA:124,24
DA:125,24
DA:126,24
DA:128,24
DA:129,24
DA:130,24
DA:131,24
DA:133,24
DA:134,24
DA:136,24
LF:111
LH:111
BRDA:10,0,0,24
BRDA:34,1,0,0
BRDA:40,2,0,12
BRDA:90,3,0,1
BRDA:90,4,0,11
BRDA:97,5,0,12
BRDA:97,6,0,0
BRDA:17,7,0,12
BRDA:22,8,0,11
BRDA:24,9,0,0
BRDA:25,10,0,1
BRDA:30,11,0,12
BRDA:31,12,0,12
BRDA:35,13,0,23
BRDA:35,14,0,33
BRDA:35,15,0,22
BRDA:36,16,0,23
BRDA:36,17,0,33
BRDA:36,18,0,22
BRDA:37,19,0,23
BRDA:37,20,0,11
BRDA:37,21,0,0
BRDA:38,22,0,23
BRDA:38,23,0,22
BRDA:38,24,0,0
BRDA:48,25,0,36
BRDA:114,26,0,1
BRDA:117,27,0,1
BRF:28
BRH:23
end_of_record
TN:
SF:src/pages/LoginPage.jsx
FN:8,LoginPage
FN:16,handleSubmit
FN:53,onChange
FN:66,onChange
FNF:4
FNH:4
FNDA:105,LoginPage
FNDA:7,handleSubmit
FNDA:68,onChange
FNDA:16,onChange
DA:1,1
DA:8,105
DA:9,105
DA:10,105
DA:11,105
DA:12,105
DA:13,105
DA:14,105
DA:16,105
DA:17,7
DA:18,7
DA:19,3
DA:20,3
DA:21,3
DA:22,4
DA:23,4
DA:24,4
DA:25,7
DA:26,1
DA:27,1
DA:28,7
DA:29,2
DA:30,2
DA:31,7
DA:32,1
DA:33,7
DA:34,4
DA:35,4
DA:36,7
DA:38,105
DA:39,105
DA:40,105
DA:41,105
DA:42,105
DA:43,105
DA:44,105
DA:45,105
DA:47,105
DA:48,105
DA:49,105
DA:50,105
DA:51,105
DA:52,105
DA:53,105
DA:54,105
DA:55,105
DA:56,105
DA:57,105
DA:58,105
DA:59,105
DA:60,105
DA:61,105
DA:62,105
DA:63,105
DA:64,105
DA:65,105
DA:66,105
DA:67,105
DA:68,105
DA:69,105
DA:70,105
DA:72,105
DA:73,105
DA:74,105
DA:75,105
DA:77,105
DA:78,105
DA:79,105
DA:80,105
DA:81,105
DA:82,105
DA:84,105
LF:72
LH:72
BRDA:8,0,0,105
BRDA:73,1,0,4
BRDA:73,2,0,101
BRDA:16,3,0,7
BRDA:18,4,0,5
BRDA:18,5,0,3
BRDA:21,6,0,4
BRDA:24,7,0,3
BRDA:25,8,0,1
BRDA:28,9,0,2
BRDA:29,10,0,1
BRDA:31,11,0,1
BRDA:33,12,0,4
BRDA:53,13,0,68
BRDA:66,14,0,16
BRF:15
BRH:15
end_of_record
TN:
SF:src/pages/RegisterPage.jsx
FN:8,RegisterPage
FN:15,set
FN:19,handleSubmit
FN:84,onChange
FN:96,onChange
FNF:5
FNH:5
FNDA:170,RegisterPage
FNDA:510,set
FNDA:7,handleSubmit
FNDA:18,onChange
FNDA:18,onChange
DA:1,1
DA:8,170
DA:9,170
DA:10,170
DA:11,170
DA:12,170
DA:13,170
DA:15,170
DA:16,510
DA:17,510
DA:19,170
DA:20,7
DA:21,7
DA:23,7
DA:24,2
DA:25,2
DA:26,2
DA:27,7
DA:28,1
DA:29,1
DA:30,1
DA:31,7
DA:32,1
DA:33,1
DA:34,1
DA:36,3
DA:37,3
DA:38,3
DA:39,7
DA:40,1
DA:41,1
DA:42,1
DA:43,1
DA:44,1
DA:45,7
DA:46,1
DA:47,7
DA:48,3
DA:49,3
DA:50,7
DA:52,170
DA:53,170
DA:54,170
DA:55,170
DA:56,170
DA:57,170
DA:58,170
DA:59,170
DA:61,170
DA:62,170
DA:63,170
DA:64,170
DA:65,170
DA:66,170
DA:67,170
DA:68,170
DA:69,170
DA:70,170
DA:71,170
DA:72,170
DA:73,170
DA:74,170
DA:75,170
DA:76,170
DA:77,170
DA:78,170
DA:79,170
DA:80,170
DA:81,170
DA:82,170
DA:83,170
DA:84,170
DA:85,170
DA:86,170
DA:87,170
DA:88,170
DA:89,170
DA:90,170
DA:91,170
DA:92,170
DA:93,170
DA:94,170
DA:95,170
DA:96,170
DA:97,170
DA:98,170
DA:99,170
DA:100,170
DA:102,170
DA:103,170
DA:104,170
DA:105,170
DA:107,170
DA:108,170
DA:109,170
DA:110,170
DA:111,170
DA:112,170
DA:114,170
LF:99
LH:99
BRDA:8,0,0,170
BRDA:103,1,0,3
BRDA:103,2,0,167
BRDA:15,3,0,510
BRDA:16,4,0,115
BRDA:16,5,0,115
BRDA:19,6,0,7
BRDA:23,7,0,5
BRDA:23,8,0,5
BRDA:23,9,0,5
BRDA:23,10,0,2
BRDA:26,11,0,5
BRDA:27,12,0,1
BRDA:30,13,0,4
BRDA:31,14,0,1
BRDA:34,15,0,3
BRDA:38,16,0,2
BRDA:39,17,0,1
BRDA:43,18,0,0
BRDA:45,19,0,1
BRDA:47,20,0,3
BRDA:84,21,0,18
BRDA:84,22,0,18
BRDA:96,23,0,18
BRDA:96,24,0,18
BRF:25
BRH:24
end_of_record
TN:
SF:src/pages/TransferPage.jsx
FN:9,TransferPage
FN:28,handleSubmit
FN:57,onClick
FN:95,onChange
FN:114,onChange
FN:124,onChange
FNF:6
FNH:5
FNDA:56,TransferPage
FNDA:5,handleSubmit
FNDA:1,onClick
FNDA:4,onChange
FNDA:16,onChange
FNDA:0,onChange
DA:1,1
DA:9,56
DA:10,56
DA:11,56
DA:12,56
DA:13,56
DA:14,56
DA:15,56
DA:16,56
DA:17,56
DA:18,56
DA:20,56
DA:21,14
DA:22,14
DA:23,14
DA:24,14
DA:25,14
DA:26,56
DA:28,56
DA:29,5
DA:30,5
DA:31,5
DA:32,5
DA:34,4
DA:35,4
DA:36,5
DA:37,5
DA:38,2
DA:39,2
DA:40,2
DA:41,5
DA:42,1
DA:43,1
DA:44,5
DA:45,1
DA:46,5
DA:47,4
DA:48,4
DA:49,5
DA:51,56
DA:53,56
DA:54,56
DA:55,56
DA:56,56
DA:57,56
DA:59,56
DA:60,56
DA:61,56
DA:63,56
DA:65,56
DA:66,56
DA:68,56
DA:70,56
DA:71,56
DA:72,56
DA:73,56
DA:74,56
DA:75,56
DA:76,56
DA:77,56
DA:78,56
DA:79,56
DA:80,56
DA:81,56
DA:84,56
DA:85,56
DA:86,56
DA:87,14
DA:88,14
DA:89,56
DA:90,14
DA:91,14
DA:92,42
DA:93,1
DA:95,41
DA:96,41
DA:97,41
DA:98,82
DA:99,82
DA:100,82
DA:101,41
DA:102,41
DA:104,56
DA:107,56
DA:108,56
DA:109,56
DA:110,56
DA:111,56
DA:112,56
DA:113,56
DA:114,56
DA:115,56
DA:116,56
DA:117,56
DA:120,56
DA:121,56
DA:122,56
DA:123,56
DA:124,56
DA:125,56
DA:126,56
DA:127,56
DA:129,56
DA:130,56
DA:131,56
DA:132,56
DA:133,56
DA:135,56
DA:136,56
DA:137,56
DA:138,56
DA:141,56
DA:142,56
DA:143,56
DA:144,56
DA:145,56
DA:146,56
DA:147,56
DA:148,56
DA:149,56
DA:150,56
DA:151,56
DA:152,56
DA:153,56
DA:154,56
DA:155,56
DA:156,56
DA:157,56
DA:158,56
DA:159,56
DA:160,56
DA:161,56
DA:162,56
DA:163,56
DA:164,56
DA:165,22
DA:166,34
DA:167,56
DA:168,56
DA:169,56
DA:170,56
DA:172,56
DA:173,56
DA:174,56
DA:176,56
DA:177,56
DA:178,56
DA:179,56
DA:180,56
DA:181,56
DA:183,56
LF:151
LH:151
BRDA:9,0,0,56
BRDA:86,1,0,14
BRDA:91,2,0,42
BRDA:92,3,0,1
BRDA:93,4,0,41
BRDA:133,5,0,52
BRDA:133,6,0,21
BRDA:135,7,0,4
BRDA:135,8,0,52
BRDA:152,9,0,25
BRDA:152,10,0,31
BRDA:158,11,0,22
BRDA:158,12,0,34
BRDA:164,13,0,22
BRDA:164,14,0,22
BRDA:165,15,0,34
BRDA:20,16,0,14
BRDA:22,17,0,14
BRDA:23,18,0,40
BRDA:25,19,0,14
BRDA:28,20,0,5
BRDA:31,21,0,1
BRDA:31,22,0,4
BRDA:32,23,0,0
BRDA:32,24,0,4
BRDA:36,25,0,3
BRDA:37,26,0,2
BRDA:41,27,0,1
BRDA:44,28,0,1
BRDA:46,29,0,4
BRDA:51,30,0,34
BRDA:51,31,0,34
BRDA:57,32,0,1
BRDA:88,33,0,56
BRDA:95,34,0,4
BRDA:97,35,0,82
BRDA:99,36,0,0
BRDA:114,37,0,16
BRF:38
BRH:36
end_of_record
